<?xml version="1.0" encoding="UTF-8"?>
<!-- Generated by org.testng.reporters.JUnitReportReporter -->
<testsuite skipped="0" hostname="om12" name="LearningTestNG.LearningDataParameter" tests="6" failures="0" timestamp="21 Feb 2019 13:54:15 GMT" time="0.011" errors="0">
  <testcase name="loginUser" time="0.008" classname="LearningTestNG.LearningDataParameter"/>
  <testcase name="loginUser" time="0.000" classname="LearningTestNG.LearningDataParameter"/>
  <testcase name="registerUser" time="0.000" classname="LearningTestNG.LearningDataParameter"/>
  <testcase name="registerUser" time="0.001" classname="LearningTestNG.LearningDataParameter"/>
  <testcase name="registerUser" time="0.001" classname="LearningTestNG.LearningDataParameter"/>
  <testcase name="loginUser" time="0.001" classname="LearningTestNG.LearningDataParameter"/>
</testsuite> <!-- LearningTestNG.LearningDataParameter -->
