<?xml version="1.0" encoding="UTF-8"?>
<!-- Generated by org.testng.reporters.JUnitReportReporter -->
<testsuite skipped="0" hostname="om12" name="LearningTestNG.GroupingTest" tests="2" failures="0" timestamp="21 Feb 2019 13:59:34 GMT" time="0.011" errors="0">
  <testcase name="feature1" time="0.010" classname="LearningTestNG.GroupingTest"/>
  <testcase name="feature3" time="0.001" classname="LearningTestNG.GroupingTest"/>
</testsuite> <!-- LearningTestNG.GroupingTest -->
