<?xml version="1.0" encoding="UTF-8"?>
<!-- Generated by org.testng.reporters.JUnitReportReporter -->
<testsuite skipped="0" hostname="om12" name="LearningTestNG.GroupingTest" tests="2" failures="0" timestamp="22 Feb 2019 05:45:37 GMT" time="0.013" errors="0">
  <testcase name="feature2" time="0.011" classname="LearningTestNG.GroupingTest"/>
  <testcase name="feature3" time="0.002" classname="LearningTestNG.GroupingTest"/>
</testsuite> <!-- LearningTestNG.GroupingTest -->
