<?xml version="1.0" encoding="UTF-8"?>
<!-- Generated by org.testng.reporters.JUnitReportReporter -->
<testsuite skipped="0" hostname="om12" name="LearningTestNG.TestNGAnotation_1" tests="2" failures="0" timestamp="15 Feb 2019 13:12:37 GMT" time="0.002" errors="0">
  <testcase name="testCaseOne" time="0.001" classname="LearningTestNG.TestNGAnotation_1"/>
  <testcase name="testCaseTwo" time="0.001" classname="LearningTestNG.TestNGAnotation_1"/>
</testsuite> <!-- LearningTestNG.TestNGAnotation_1 -->
