<?xml version="1.0" encoding="UTF-8"?>
<!-- Generated by org.testng.reporters.JUnitReportReporter -->
<testsuite skipped="0" hostname="om12" name="LearningTestNG.TestNGAnotation_2" tests="1" failures="0" timestamp="21 Feb 2019 11:52:16 GMT" time="0.004" errors="0">
  <testcase name="test3" time="0.004" classname="LearningTestNG.TestNGAnotation_2"/>
</testsuite> <!-- LearningTestNG.TestNGAnotation_2 -->
